[0.012s] Invoking command in '/home/harthik/joint_pub/build/joint_pub': CMAKE_PREFIX_PATH=${CMAKE_PREFIX_PATH}:/opt/ros/jazzy DEBUGINFOD_URLS=https://debuginfod.ubuntu.com /usr/bin/cmake /home/harthik/joint_pub -DCMAKE_INSTALL_PREFIX=/home/harthik/joint_pub/install/joint_pub
[0.174s] -- The C compiler identification is GNU 13.3.0
[0.292s] -- The CXX compiler identification is GNU 13.3.0
[0.322s] -- Detecting C compiler ABI info
[0.458s] -- Detecting C compiler ABI info - done
[0.477s] -- Check for working C compiler: /usr/bin/cc - skipped
[0.479s] -- Detecting C compile features
[0.480s] -- Detecting C compile features - done
[0.498s] -- Detecting CXX compiler ABI info
[0.654s] -- Detecting CXX compiler ABI info - done
[0.669s] -- Check for working CXX compiler: /usr/bin/c++ - skipped
[0.669s] -- Detecting CXX compile features
[0.670s] -- Detecting CXX compile features - done
[0.679s] -- Found ament_cmake: 2.5.3 (/opt/ros/jazzy/share/ament_cmake/cmake)
[0.885s] -- Found Python3: /usr/bin/python3 (found version "3.12.3") found components: Interpreter 
[1.073s] -- Found rclcpp: 28.1.6 (/opt/ros/jazzy/share/rclcpp/cmake)
[1.164s] -- Found rosidl_generator_c: 4.6.5 (/opt/ros/jazzy/share/rosidl_generator_c/cmake)
[1.187s] -- Found rosidl_generator_cpp: 4.6.5 (/opt/ros/jazzy/share/rosidl_generator_cpp/cmake)
[1.212s] -- Using all available rosidl_typesupport_c: rosidl_typesupport_fastrtps_c;rosidl_typesupport_introspection_c
[1.246s] -- Using all available rosidl_typesupport_cpp: rosidl_typesupport_fastrtps_cpp;rosidl_typesupport_introspection_cpp
[1.361s] -- Found rmw_implementation_cmake: 7.3.1 (/opt/ros/jazzy/share/rmw_implementation_cmake/cmake)
[1.366s] -- Found rmw_fastrtps_cpp: 8.4.1 (/opt/ros/jazzy/share/rmw_fastrtps_cpp/cmake)
[1.499s] -- Found OpenSSL: /usr/lib/x86_64-linux-gnu/libcrypto.so (found version "3.0.13")  
[1.538s] -- Found FastRTPS: /opt/ros/jazzy/include (Required is at least version "2.13") 
[1.576s] -- Using RMW implementation 'rmw_fastrtps_cpp' as default
[1.705s] -- Found std_msgs: 5.3.5 (/opt/ros/jazzy/share/std_msgs/cmake)
[1.747s] -- Found ament_lint_auto: 0.17.1 (/opt/ros/jazzy/share/ament_lint_auto/cmake)
[1.921s] -- Added test 'cppcheck' to perform static code analysis on C / C++ code
[1.921s] -- Configured cppcheck include dirs: 
[1.922s] -- Configured cppcheck exclude dirs and/or files: 
[1.925s] -- Added test 'lint_cmake' to check CMake code style
[1.931s] -- Added test 'uncrustify' to check C / C++ code style
[1.931s] -- Configured uncrustify additional arguments: 
[1.933s] -- Added test 'xmllint' to check XML markup files
[1.936s] -- Configuring done (1.9s)
[1.950s] -- Generating done (0.0s)
[1.955s] -- Build files have been written to: /home/harthik/joint_pub/build/joint_pub
[1.969s] Invoked command in '/home/harthik/joint_pub/build/joint_pub' returned '0': CMAKE_PREFIX_PATH=${CMAKE_PREFIX_PATH}:/opt/ros/jazzy DEBUGINFOD_URLS=https://debuginfod.ubuntu.com /usr/bin/cmake /home/harthik/joint_pub -DCMAKE_INSTALL_PREFIX=/home/harthik/joint_pub/install/joint_pub
[1.969s] Invoking command in '/home/harthik/joint_pub/build/joint_pub': CMAKE_PREFIX_PATH=${CMAKE_PREFIX_PATH}:/opt/ros/jazzy DEBUGINFOD_URLS=https://debuginfod.ubuntu.com /usr/bin/cmake --build /home/harthik/joint_pub/build/joint_pub -- -j20 -l20
[2.053s] [ 50%] [32mBuilding CXX object CMakeFiles/motor_pub.dir/src/motor_pub.cpp.o[0m
[10.259s] [100%] [32m[1mLinking CXX executable motor_pub[0m
[10.556s] [100%] Built target motor_pub
[10.573s] Invoked command in '/home/harthik/joint_pub/build/joint_pub' returned '0': CMAKE_PREFIX_PATH=${CMAKE_PREFIX_PATH}:/opt/ros/jazzy DEBUGINFOD_URLS=https://debuginfod.ubuntu.com /usr/bin/cmake --build /home/harthik/joint_pub/build/joint_pub -- -j20 -l20
[10.586s] Invoking command in '/home/harthik/joint_pub/build/joint_pub': CMAKE_PREFIX_PATH=${CMAKE_PREFIX_PATH}:/opt/ros/jazzy DEBUGINFOD_URLS=https://debuginfod.ubuntu.com /usr/bin/cmake --install /home/harthik/joint_pub/build/joint_pub
[10.598s] -- Install configuration: ""
[10.598s] -- Installing: /home/harthik/joint_pub/install/joint_pub/lib/joint_pub/motor_pub
[10.600s] -- Set non-toolchain portion of runtime path of "/home/harthik/joint_pub/install/joint_pub/lib/joint_pub/motor_pub" to ""
[10.600s] -- Installing: /home/harthik/joint_pub/install/joint_pub/share/ament_index/resource_index/package_run_dependencies/joint_pub
[10.600s] -- Installing: /home/harthik/joint_pub/install/joint_pub/share/ament_index/resource_index/parent_prefix_path/joint_pub
[10.601s] -- Installing: /home/harthik/joint_pub/install/joint_pub/share/joint_pub/environment/ament_prefix_path.sh
[10.601s] -- Installing: /home/harthik/joint_pub/install/joint_pub/share/joint_pub/environment/ament_prefix_path.dsv
[10.601s] -- Installing: /home/harthik/joint_pub/install/joint_pub/share/joint_pub/environment/path.sh
[10.601s] -- Installing: /home/harthik/joint_pub/install/joint_pub/share/joint_pub/environment/path.dsv
[10.601s] -- Installing: /home/harthik/joint_pub/install/joint_pub/share/joint_pub/local_setup.bash
[10.601s] -- Installing: /home/harthik/joint_pub/install/joint_pub/share/joint_pub/local_setup.sh
[10.601s] -- Installing: /home/harthik/joint_pub/install/joint_pub/share/joint_pub/local_setup.zsh
[10.601s] -- Installing: /home/harthik/joint_pub/install/joint_pub/share/joint_pub/local_setup.dsv
[10.602s] -- Installing: /home/harthik/joint_pub/install/joint_pub/share/joint_pub/package.dsv
[10.602s] -- Installing: /home/harthik/joint_pub/install/joint_pub/share/ament_index/resource_index/packages/joint_pub
[10.602s] -- Installing: /home/harthik/joint_pub/install/joint_pub/share/joint_pub/cmake/joint_pubConfig.cmake
[10.602s] -- Installing: /home/harthik/joint_pub/install/joint_pub/share/joint_pub/cmake/joint_pubConfig-version.cmake
[10.602s] -- Installing: /home/harthik/joint_pub/install/joint_pub/share/joint_pub/package.xml
[10.604s] Invoked command in '/home/harthik/joint_pub/build/joint_pub' returned '0': CMAKE_PREFIX_PATH=${CMAKE_PREFIX_PATH}:/opt/ros/jazzy DEBUGINFOD_URLS=https://debuginfod.ubuntu.com /usr/bin/cmake --install /home/harthik/joint_pub/build/joint_pub
