[0.143s] DEBUG:colcon:Command line arguments: ['/usr/bin/colcon', 'build']
[0.143s] DEBUG:colcon:Parsed command line arguments: Namespace(log_base=None, log_level=None, verb_name='build', build_base='build', install_base='install', merge_install=False, symlink_install=False, test_result_base=None, continue_on_error=False, executor='parallel', parallel_workers=20, event_handlers=None, ignore_user_meta=False, metas=['./colcon.meta'], base_paths=['.'], packages_ignore=None, packages_ignore_regex=None, paths=None, packages_up_to=None, packages_up_to_regex=None, packages_above=None, packages_above_and_dependencies=None, packages_above_depth=None, packages_select_by_dep=None, packages_skip_by_dep=None, packages_skip_up_to=None, packages_select_build_failed=False, packages_skip_build_finished=False, packages_select_test_failures=False, packages_skip_test_passed=False, packages_select=None, packages_skip=None, packages_select_regex=None, packages_skip_regex=None, packages_start=None, packages_end=None, allow_overriding=[], cmake_args=None, cmake_target=None, cmake_target_skip_unavailable=False, cmake_clean_cache=False, cmake_clean_first=False, cmake_force_configure=False, ament_cmake_args=None, catkin_cmake_args=None, catkin_skip_building_tests=False, mixin_files=None, mixin=None, verb_parser=<colcon_mixin.mixin.mixin_argument.MixinArgumentDecorator object at 0x7b174e9833e0>, verb_extension=<colcon_core.verb.build.BuildVerb object at 0x7b174e982f60>, main=<bound method BuildVerb.main of <colcon_core.verb.build.BuildVerb object at 0x7b174e982f60>>, mixin_verb=('build',))
[0.201s] Level 1:colcon.colcon_core.package_discovery:discover_packages(colcon_meta) check parameters
[0.201s] Level 1:colcon.colcon_core.package_discovery:discover_packages(recursive) check parameters
[0.201s] Level 1:colcon.colcon_core.package_discovery:discover_packages(ignore) check parameters
[0.201s] Level 1:colcon.colcon_core.package_discovery:discover_packages(path) check parameters
[0.201s] Level 1:colcon.colcon_core.package_discovery:discover_packages(colcon_meta) discover
[0.201s] Level 1:colcon.colcon_core.package_discovery:discover_packages(recursive) discover
[0.201s] INFO:colcon.colcon_core.package_discovery:Crawling recursively for packages in '/home/harthik/joint_pub'
[0.201s] Level 1:colcon.colcon_core.package_identification:_identify(.) by extensions ['ignore', 'ignore_ament_install']
[0.201s] Level 1:colcon.colcon_core.package_identification:_identify(.) by extension 'ignore'
[0.202s] Level 1:colcon.colcon_core.package_identification:_identify(.) by extension 'ignore_ament_install'
[0.202s] Level 1:colcon.colcon_core.package_identification:_identify(.) by extensions ['colcon_pkg']
[0.202s] Level 1:colcon.colcon_core.package_identification:_identify(.) by extension 'colcon_pkg'
[0.202s] Level 1:colcon.colcon_core.package_identification:_identify(.) by extensions ['colcon_meta']
[0.202s] Level 1:colcon.colcon_core.package_identification:_identify(.) by extension 'colcon_meta'
[0.202s] Level 1:colcon.colcon_core.package_identification:_identify(.) by extensions ['ros']
[0.202s] Level 1:colcon.colcon_core.package_identification:_identify(.) by extension 'ros'
[0.235s] DEBUG:colcon.colcon_core.package_identification:Package '.' with type 'ros.ament_cmake' and name 'joint_pub'
[0.236s] Level 1:colcon.colcon_core.package_discovery:discover_packages(recursive) using defaults
[0.236s] Level 1:colcon.colcon_core.package_discovery:discover_packages(ignore) discover
[0.236s] Level 1:colcon.colcon_core.package_discovery:discover_packages(ignore) using defaults
[0.236s] Level 1:colcon.colcon_core.package_discovery:discover_packages(path) discover
[0.236s] Level 1:colcon.colcon_core.package_discovery:discover_packages(path) using defaults
[0.259s] Level 1:colcon.colcon_core.package_discovery:discover_packages(prefix_path) check parameters
[0.259s] Level 1:colcon.colcon_core.package_discovery:discover_packages(prefix_path) discover
[0.263s] DEBUG:colcon.colcon_installed_package_information.package_discovery:Found 299 installed packages in /opt/ros/jazzy
[0.265s] Level 1:colcon.colcon_core.package_discovery:discover_packages(prefix_path) using defaults
[0.306s] Level 5:colcon.colcon_core.verb:set package 'joint_pub' build argument 'cmake_args' from command line to 'None'
[0.306s] Level 5:colcon.colcon_core.verb:set package 'joint_pub' build argument 'cmake_target' from command line to 'None'
[0.306s] Level 5:colcon.colcon_core.verb:set package 'joint_pub' build argument 'cmake_target_skip_unavailable' from command line to 'False'
[0.306s] Level 5:colcon.colcon_core.verb:set package 'joint_pub' build argument 'cmake_clean_cache' from command line to 'False'
[0.306s] Level 5:colcon.colcon_core.verb:set package 'joint_pub' build argument 'cmake_clean_first' from command line to 'False'
[0.306s] Level 5:colcon.colcon_core.verb:set package 'joint_pub' build argument 'cmake_force_configure' from command line to 'False'
[0.306s] Level 5:colcon.colcon_core.verb:set package 'joint_pub' build argument 'ament_cmake_args' from command line to 'None'
[0.306s] Level 5:colcon.colcon_core.verb:set package 'joint_pub' build argument 'catkin_cmake_args' from command line to 'None'
[0.306s] Level 5:colcon.colcon_core.verb:set package 'joint_pub' build argument 'catkin_skip_building_tests' from command line to 'False'
[0.306s] DEBUG:colcon.colcon_core.verb:Building package 'joint_pub' with the following arguments: {'ament_cmake_args': None, 'build_base': '/home/harthik/joint_pub/build/joint_pub', 'catkin_cmake_args': None, 'catkin_skip_building_tests': False, 'cmake_args': None, 'cmake_clean_cache': False, 'cmake_clean_first': False, 'cmake_force_configure': False, 'cmake_target': None, 'cmake_target_skip_unavailable': False, 'install_base': '/home/harthik/joint_pub/install/joint_pub', 'merge_install': False, 'path': '/home/harthik/joint_pub', 'symlink_install': False, 'test_result_base': None}
[0.306s] INFO:colcon.colcon_core.executor:Executing jobs using 'parallel' executor
[0.307s] DEBUG:colcon.colcon_parallel_executor.executor.parallel:run_until_complete
[0.307s] INFO:colcon.colcon_ros.task.ament_cmake.build:Building ROS package in '/home/harthik/joint_pub' with build type 'ament_cmake'
[0.308s] INFO:colcon.colcon_cmake.task.cmake.build:Building CMake package in '/home/harthik/joint_pub'
[0.311s] INFO:colcon.colcon_core.plugin_system:Skipping extension 'colcon_core.shell.bat': Not used on non-Windows systems
[0.311s] INFO:colcon.colcon_core.shell:Skip shell extension 'powershell' for command environment: Not usable outside of PowerShell
[0.311s] DEBUG:colcon.colcon_core.shell:Skip shell extension 'dsv' for command environment
[0.320s] DEBUG:colcon.colcon_core.event_handler.log_command:Invoking command in '/home/harthik/joint_pub/build/joint_pub': CMAKE_PREFIX_PATH=${CMAKE_PREFIX_PATH}:/opt/ros/jazzy DEBUGINFOD_URLS=https://debuginfod.ubuntu.com /usr/bin/cmake /home/harthik/joint_pub -DCMAKE_INSTALL_PREFIX=/home/harthik/joint_pub/install/joint_pub
[2.277s] DEBUG:colcon.colcon_core.event_handler.log_command:Invoked command in '/home/harthik/joint_pub/build/joint_pub' returned '0': CMAKE_PREFIX_PATH=${CMAKE_PREFIX_PATH}:/opt/ros/jazzy DEBUGINFOD_URLS=https://debuginfod.ubuntu.com /usr/bin/cmake /home/harthik/joint_pub -DCMAKE_INSTALL_PREFIX=/home/harthik/joint_pub/install/joint_pub
[2.277s] DEBUG:colcon.colcon_core.event_handler.log_command:Invoking command in '/home/harthik/joint_pub/build/joint_pub': CMAKE_PREFIX_PATH=${CMAKE_PREFIX_PATH}:/opt/ros/jazzy DEBUGINFOD_URLS=https://debuginfod.ubuntu.com /usr/bin/cmake --build /home/harthik/joint_pub/build/joint_pub -- -j20 -l20
[10.881s] DEBUG:colcon.colcon_core.event_handler.log_command:Invoked command in '/home/harthik/joint_pub/build/joint_pub' returned '0': CMAKE_PREFIX_PATH=${CMAKE_PREFIX_PATH}:/opt/ros/jazzy DEBUGINFOD_URLS=https://debuginfod.ubuntu.com /usr/bin/cmake --build /home/harthik/joint_pub/build/joint_pub -- -j20 -l20
[10.895s] DEBUG:colcon.colcon_core.event_handler.log_command:Invoking command in '/home/harthik/joint_pub/build/joint_pub': CMAKE_PREFIX_PATH=${CMAKE_PREFIX_PATH}:/opt/ros/jazzy DEBUGINFOD_URLS=https://debuginfod.ubuntu.com /usr/bin/cmake --install /home/harthik/joint_pub/build/joint_pub
[10.911s] Level 1:colcon.colcon_core.environment:create_environment_scripts_only(joint_pub)
[10.912s] DEBUG:colcon.colcon_core.event_handler.log_command:Invoked command in '/home/harthik/joint_pub/build/joint_pub' returned '0': CMAKE_PREFIX_PATH=${CMAKE_PREFIX_PATH}:/opt/ros/jazzy DEBUGINFOD_URLS=https://debuginfod.ubuntu.com /usr/bin/cmake --install /home/harthik/joint_pub/build/joint_pub
[10.916s] Level 1:colcon.colcon_core.environment:checking '/home/harthik/joint_pub/install/joint_pub' for CMake module files
[10.917s] Level 1:colcon.colcon_core.environment:checking '/home/harthik/joint_pub/install/joint_pub' for CMake config files
[10.917s] Level 1:colcon.colcon_core.shell:create_environment_hook('joint_pub', 'cmake_prefix_path')
[10.918s] INFO:colcon.colcon_core.shell:Creating environment hook '/home/harthik/joint_pub/install/joint_pub/share/joint_pub/hook/cmake_prefix_path.ps1'
[10.919s] INFO:colcon.colcon_core.shell:Creating environment descriptor '/home/harthik/joint_pub/install/joint_pub/share/joint_pub/hook/cmake_prefix_path.dsv'
[10.920s] INFO:colcon.colcon_core.shell:Creating environment hook '/home/harthik/joint_pub/install/joint_pub/share/joint_pub/hook/cmake_prefix_path.sh'
[10.922s] Level 1:colcon.colcon_core.environment:checking '/home/harthik/joint_pub/install/joint_pub/lib'
[10.922s] Level 1:colcon.colcon_core.environment:checking '/home/harthik/joint_pub/install/joint_pub/bin'
[10.922s] Level 1:colcon.colcon_core.environment:checking '/home/harthik/joint_pub/install/joint_pub/lib/pkgconfig/joint_pub.pc'
[10.923s] Level 1:colcon.colcon_core.environment:checking '/home/harthik/joint_pub/install/joint_pub/lib/python3.12/site-packages'
[10.924s] Level 1:colcon.colcon_core.environment:checking '/home/harthik/joint_pub/install/joint_pub/bin'
[10.924s] INFO:colcon.colcon_core.shell:Creating package script '/home/harthik/joint_pub/install/joint_pub/share/joint_pub/package.ps1'
[10.925s] INFO:colcon.colcon_core.shell:Creating package descriptor '/home/harthik/joint_pub/install/joint_pub/share/joint_pub/package.dsv'
[10.926s] INFO:colcon.colcon_core.shell:Creating package script '/home/harthik/joint_pub/install/joint_pub/share/joint_pub/package.sh'
[10.927s] INFO:colcon.colcon_core.shell:Creating package script '/home/harthik/joint_pub/install/joint_pub/share/joint_pub/package.bash'
[10.928s] INFO:colcon.colcon_core.shell:Creating package script '/home/harthik/joint_pub/install/joint_pub/share/joint_pub/package.zsh'
[10.929s] Level 1:colcon.colcon_core.environment:create_file_with_runtime_dependencies(/home/harthik/joint_pub/install/joint_pub/share/colcon-core/packages/joint_pub)
[10.930s] Level 1:colcon.colcon_core.environment:create_environment_scripts_only(joint_pub)
[10.930s] Level 1:colcon.colcon_core.environment:checking '/home/harthik/joint_pub/install/joint_pub' for CMake module files
[10.931s] Level 1:colcon.colcon_core.environment:checking '/home/harthik/joint_pub/install/joint_pub' for CMake config files
[10.931s] Level 1:colcon.colcon_core.shell:create_environment_hook('joint_pub', 'cmake_prefix_path')
[10.931s] INFO:colcon.colcon_core.shell:Creating environment hook '/home/harthik/joint_pub/install/joint_pub/share/joint_pub/hook/cmake_prefix_path.ps1'
[10.932s] INFO:colcon.colcon_core.shell:Creating environment descriptor '/home/harthik/joint_pub/install/joint_pub/share/joint_pub/hook/cmake_prefix_path.dsv'
[10.932s] INFO:colcon.colcon_core.shell:Creating environment hook '/home/harthik/joint_pub/install/joint_pub/share/joint_pub/hook/cmake_prefix_path.sh'
[10.933s] Level 1:colcon.colcon_core.environment:checking '/home/harthik/joint_pub/install/joint_pub/lib'
[10.933s] Level 1:colcon.colcon_core.environment:checking '/home/harthik/joint_pub/install/joint_pub/bin'
[10.933s] Level 1:colcon.colcon_core.environment:checking '/home/harthik/joint_pub/install/joint_pub/lib/pkgconfig/joint_pub.pc'
[10.933s] Level 1:colcon.colcon_core.environment:checking '/home/harthik/joint_pub/install/joint_pub/lib/python3.12/site-packages'
[10.934s] Level 1:colcon.colcon_core.environment:checking '/home/harthik/joint_pub/install/joint_pub/bin'
[10.934s] INFO:colcon.colcon_core.shell:Creating package script '/home/harthik/joint_pub/install/joint_pub/share/joint_pub/package.ps1'
[10.934s] INFO:colcon.colcon_core.shell:Creating package descriptor '/home/harthik/joint_pub/install/joint_pub/share/joint_pub/package.dsv'
[10.935s] INFO:colcon.colcon_core.shell:Creating package script '/home/harthik/joint_pub/install/joint_pub/share/joint_pub/package.sh'
[10.935s] INFO:colcon.colcon_core.shell:Creating package script '/home/harthik/joint_pub/install/joint_pub/share/joint_pub/package.bash'
[10.936s] INFO:colcon.colcon_core.shell:Creating package script '/home/harthik/joint_pub/install/joint_pub/share/joint_pub/package.zsh'
[10.936s] Level 1:colcon.colcon_core.environment:create_file_with_runtime_dependencies(/home/harthik/joint_pub/install/joint_pub/share/colcon-core/packages/joint_pub)
[10.937s] DEBUG:colcon.colcon_parallel_executor.executor.parallel:closing loop
[10.937s] DEBUG:colcon.colcon_parallel_executor.executor.parallel:loop closed
[10.937s] DEBUG:colcon.colcon_parallel_executor.executor.parallel:run_until_complete finished with '0'
[10.937s] DEBUG:colcon.colcon_core.event_reactor:joining thread
[10.945s] INFO:colcon.colcon_core.plugin_system:Skipping extension 'colcon_notification.desktop_notification.terminal_notifier': Not used on non-Darwin systems
[10.945s] INFO:colcon.colcon_core.plugin_system:Skipping extension 'colcon_notification.desktop_notification.win32': Not used on non-Windows systems
[10.945s] INFO:colcon.colcon_notification.desktop_notification:Sending desktop notification using 'notify2'
[10.981s] DEBUG:colcon.colcon_core.event_reactor:joined thread
[10.981s] INFO:colcon.colcon_core.shell:Creating prefix script '/home/harthik/joint_pub/install/local_setup.ps1'
[10.983s] INFO:colcon.colcon_core.shell:Creating prefix util module '/home/harthik/joint_pub/install/_local_setup_util_ps1.py'
[10.985s] INFO:colcon.colcon_core.shell:Creating prefix chain script '/home/harthik/joint_pub/install/setup.ps1'
[10.986s] INFO:colcon.colcon_core.shell:Creating prefix script '/home/harthik/joint_pub/install/local_setup.sh'
[10.987s] INFO:colcon.colcon_core.shell:Creating prefix util module '/home/harthik/joint_pub/install/_local_setup_util_sh.py'
[10.988s] INFO:colcon.colcon_core.shell:Creating prefix chain script '/home/harthik/joint_pub/install/setup.sh'
[10.989s] INFO:colcon.colcon_core.shell:Creating prefix script '/home/harthik/joint_pub/install/local_setup.bash'
[10.990s] INFO:colcon.colcon_core.shell:Creating prefix chain script '/home/harthik/joint_pub/install/setup.bash'
[10.992s] INFO:colcon.colcon_core.shell:Creating prefix script '/home/harthik/joint_pub/install/local_setup.zsh'
[10.993s] INFO:colcon.colcon_core.shell:Creating prefix chain script '/home/harthik/joint_pub/install/setup.zsh'
